{"/home/flamingo/frontend-project-46/src/index.js": {"path":"/home/flamingo/frontend-project-46/src/index.js","all":false,"statementMap":{"0":{"start":{"line":1,"column":0},"end":{"line":1,"column":23}},"1":{"start":{"line":2,"column":0},"end":{"line":2,"column":31}},"2":{"start":{"line":3,"column":0},"end":{"line":3,"column":19}},"3":{"start":{"line":4,"column":0},"end":{"line":4,"column":22}},"4":{"start":{"line":5,"column":0},"end":{"line":5,"column":0}},"5":{"start":{"line":6,"column":0},"end":{"line":6,"column":43}},"6":{"start":{"line":7,"column":0},"end":{"line":7,"column":68}},"7":{"start":{"line":8,"column":0},"end":{"line":8,"column":68}},"8":{"start":{"line":9,"column":0},"end":{"line":9,"column":2}},"9":{"start":{"line":10,"column":0},"end":{"line":10,"column":37}},"10":{"start":{"line":11,"column":0},"end":{"line":11,"column":37}},"11":{"start":{"line":12,"column":0},"end":{"line":12,"column":1}},"12":{"start":{"line":13,"column":0},"end":{"line":13,"column":41}},"13":{"start":{"line":14,"column":0},"end":{"line":14,"column":41}},"14":{"start":{"line":15,"column":0},"end":{"line":15,"column":53}},"15":{"start":{"line":16,"column":0},"end":{"line":16,"column":0}},"16":{"start":{"line":17,"column":0},"end":{"line":17,"column":30}},"17":{"start":{"line":18,"column":0},"end":{"line":18,"column":26}},"18":{"start":{"line":19,"column":0},"end":{"line":19,"column":88}},"19":{"start":{"line":20,"column":0},"end":{"line":20,"column":3}},"20":{"start":{"line":21,"column":0},"end":{"line":21,"column":22}},"21":{"start":{"line":22,"column":0},"end":{"line":22,"column":1}},"22":{"start":{"line":23,"column":0},"end":{"line":23,"column":0}},"23":{"start":{"line":24,"column":0},"end":{"line":24,"column":46}},"24":{"start":{"line":25,"column":0},"end":{"line":25,"column":35}},"25":{"start":{"line":26,"column":0},"end":{"line":26,"column":57}},"26":{"start":{"line":27,"column":0},"end":{"line":27,"column":5}},"27":{"start":{"line":28,"column":0},"end":{"line":28,"column":35}},"28":{"start":{"line":29,"column":0},"end":{"line":29,"column":57}},"29":{"start":{"line":30,"column":0},"end":{"line":30,"column":5}},"30":{"start":{"line":31,"column":0},"end":{"line":31,"column":48}},"31":{"start":{"line":32,"column":0},"end":{"line":32,"column":57}},"32":{"start":{"line":33,"column":0},"end":{"line":33,"column":5}},"33":{"start":{"line":34,"column":0},"end":{"line":34,"column":13}},"34":{"start":{"line":35,"column":0},"end":{"line":35,"column":51}},"35":{"start":{"line":36,"column":0},"end":{"line":36,"column":50}},"36":{"start":{"line":37,"column":0},"end":{"line":37,"column":5}},"37":{"start":{"line":38,"column":0},"end":{"line":38,"column":4}},"38":{"start":{"line":39,"column":0},"end":{"line":39,"column":0}},"39":{"start":{"line":40,"column":0},"end":{"line":40,"column":37}},"40":{"start":{"line":41,"column":0},"end":{"line":41,"column":1}},"41":{"start":{"line":42,"column":0},"end":{"line":42,"column":0}},"42":{"start":{"line":43,"column":0},"end":{"line":43,"column":22}}},"s":{"0":1,"1":1,"2":1,"3":1,"4":1,"5":1,"6":2,"7":2,"8":2,"9":2,"10":2,"11":2,"12":2,"13":2,"14":2,"15":2,"16":2,"17":10,"18":0,"19":0,"20":10,"21":10,"22":2,"23":2,"24":9,"25":2,"26":2,"27":9,"28":1,"29":1,"30":9,"31":5,"32":5,"33":1,"34":1,"35":1,"36":1,"37":2,"38":2,"39":2,"40":2,"41":1,"42":1},"branchMap":{"0":{"type":"branch","line":6,"loc":{"start":{"line":6,"column":16},"end":{"line":41,"column":1}},"locations":[{"start":{"line":6,"column":16},"end":{"line":41,"column":1}}]},"1":{"type":"branch","line":17,"loc":{"start":{"line":17,"column":19},"end":{"line":22,"column":1}},"locations":[{"start":{"line":17,"column":19},"end":{"line":22,"column":1}}]},"2":{"type":"branch","line":18,"loc":{"start":{"line":18,"column":25},"end":{"line":20,"column":3}},"locations":[{"start":{"line":18,"column":25},"end":{"line":20,"column":3}}]},"3":{"type":"branch","line":24,"loc":{"start":{"line":24,"column":37},"end":{"line":38,"column":3}},"locations":[{"start":{"line":24,"column":37},"end":{"line":38,"column":3}}]},"4":{"type":"branch","line":25,"loc":{"start":{"line":25,"column":34},"end":{"line":27,"column":5}},"locations":[{"start":{"line":25,"column":34},"end":{"line":27,"column":5}}]},"5":{"type":"branch","line":27,"loc":{"start":{"line":27,"column":4},"end":{"line":28,"column":34}},"locations":[{"start":{"line":27,"column":4},"end":{"line":28,"column":34}}]},"6":{"type":"branch","line":28,"loc":{"start":{"line":28,"column":34},"end":{"line":30,"column":5}},"locations":[{"start":{"line":28,"column":34},"end":{"line":30,"column":5}}]},"7":{"type":"branch","line":30,"loc":{"start":{"line":30,"column":4},"end":{"line":31,"column":47}},"locations":[{"start":{"line":30,"column":4},"end":{"line":31,"column":47}}]},"8":{"type":"branch","line":31,"loc":{"start":{"line":31,"column":47},"end":{"line":33,"column":5}},"locations":[{"start":{"line":31,"column":47},"end":{"line":33,"column":5}}]},"9":{"type":"branch","line":33,"loc":{"start":{"line":33,"column":4},"end":{"line":38,"column":3}},"locations":[{"start":{"line":33,"column":4},"end":{"line":38,"column":3}}]}},"b":{"0":[2],"1":[10],"2":[0],"3":[9],"4":[2],"5":[7],"6":[1],"7":[6],"8":[5],"9":[1]},"fnMap":{"0":{"name":"gendiff","decl":{"start":{"line":6,"column":16},"end":{"line":41,"column":1}},"loc":{"start":{"line":6,"column":16},"end":{"line":41,"column":1}},"line":6},"1":{"name":"stringify","decl":{"start":{"line":17,"column":19},"end":{"line":22,"column":1}},"loc":{"start":{"line":17,"column":19},"end":{"line":22,"column":1}},"line":17}},"f":{"0":2,"1":10}}
,"/home/flamingo/frontend-project-46/src/parser.js": {"path":"/home/flamingo/frontend-project-46/src/parser.js","all":false,"statementMap":{"0":{"start":{"line":1,"column":0},"end":{"line":1,"column":25}},"1":{"start":{"line":2,"column":0},"end":{"line":2,"column":25}},"2":{"start":{"line":3,"column":0},"end":{"line":3,"column":1}},"3":{"start":{"line":4,"column":0},"end":{"line":4,"column":0}},"4":{"start":{"line":5,"column":0},"end":{"line":5,"column":20}}},"s":{"0":1,"1":4,"2":4,"3":1,"4":1},"branchMap":{"0":{"type":"branch","line":1,"loc":{"start":{"line":1,"column":15},"end":{"line":3,"column":1}},"locations":[{"start":{"line":1,"column":15},"end":{"line":3,"column":1}}]}},"b":{"0":[4]},"fnMap":{"0":{"name":"parse","decl":{"start":{"line":1,"column":15},"end":{"line":3,"column":1}},"loc":{"start":{"line":1,"column":15},"end":{"line":3,"column":1}},"line":1}},"f":{"0":4}}
}
