TN:
SF:src/index.js
FN:6,gendiff
FN:17,stringify
FNF:2
FNH:2
FNDA:2,gendiff
FNDA:10,stringify
DA:1,1
DA:2,1
DA:3,1
DA:4,1
DA:5,1
DA:6,1
DA:7,2
DA:8,2
DA:9,2
DA:10,2
DA:11,2
DA:12,2
DA:13,2
DA:14,2
DA:15,2
DA:16,2
DA:17,2
DA:18,10
DA:19,0
DA:20,0
DA:21,10
DA:22,10
DA:23,2
DA:24,2
DA:25,9
DA:26,2
DA:27,2
DA:28,9
DA:29,1
DA:30,1
DA:31,9
DA:32,5
DA:33,5
DA:34,1
DA:35,1
DA:36,1
DA:37,1
DA:38,2
DA:39,2
DA:40,2
DA:41,2
DA:42,1
DA:43,1
LF:43
LH:41
BRDA:6,0,0,2
BRDA:17,1,0,10
BRDA:18,2,0,0
BRDA:24,3,0,9
BRDA:25,4,0,2
BRDA:27,5,0,7
BRDA:28,6,0,1
BRDA:30,7,0,6
BRDA:31,8,0,5
BRDA:33,9,0,1
BRF:10
BRH:9
end_of_record
TN:
SF:src/parser.js
FN:1,parse
FNF:1
FNH:1
FNDA:4,parse
DA:1,1
DA:2,4
DA:3,4
DA:4,1
DA:5,1
LF:5
LH:5
BRDA:1,0,0,4
BRF:1
BRH:1
end_of_record
